<?xml version="1.0" encoding="utf-8"?><testsuites name="pytest tests"><testsuite name="pytest" errors="0" failures="0" skipped="0" tests="21" time="8.409" timestamp="2026-04-29T18:26:13.208799+00:00" hostname="agent-env-ad23668d-cd03-4932-95c0-22332e4e920b"><testcase classname="backend.tests.backend_test.TestHealth" name="test_root_stripe_not_configured" time="0.246" /><testcase classname="backend.tests.backend_test.TestHealth" name="test_cms_public_shape" time="0.129" /><testcase classname="backend.tests.backend_test.TestRegister" name="test_register_new_user_creates_trial" time="0.354" /><testcase classname="backend.tests.backend_test.TestRegister" name="test_register_duplicate_email_400" time="0.426" /><testcase classname="backend.tests.backend_test.TestRegister" name="test_register_same_ip_twice_rejected" time="0.496" /><testcase classname="backend.tests.backend_test.TestLoginMeLogout" name="test_admin_login_isaac" time="0.339" /><testcase classname="backend.tests.backend_test.TestLoginMeLogout" name="test_me_authenticated" time="0.499" /><testcase classname="backend.tests.backend_test.TestLoginMeLogout" name="test_me_unauthenticated_401" time="0.170" /><testcase classname="backend.tests.backend_test.TestLoginMeLogout" name="test_login_wrong_password_401" time="0.472" /><testcase classname="backend.tests.backend_test.TestLoginMeLogout" name="test_logout_clears_cookies" time="0.589" /><testcase classname="backend.tests.backend_test.TestStripeNotConfigured" name="test_checkout_returns_503_when_empty_key" time="0.427" /><testcase classname="backend.tests.backend_test.TestStripeNotConfigured" name="test_portal_returns_503_when_empty_key" time="0.476" /><testcase classname="backend.tests.backend_test.TestStripeNotConfigured" name="test_checkout_unauthenticated_401" time="0.132" /><testcase classname="backend.tests.backend_test.TestAdmin" name="test_admin_stats" time="0.468" /><testcase classname="backend.tests.backend_test.TestAdmin" name="test_admin_stats_non_admin_403" time="0.440" /><testcase classname="backend.tests.backend_test.TestAdmin" name="test_admin_stats_unauthenticated_401" time="0.155" /><testcase classname="backend.tests.backend_test.TestAdmin" name="test_admin_users_search_isaac" time="0.438" /><testcase classname="backend.tests.backend_test.TestAdmin" name="test_admin_users_search_empty_returns_list" time="0.440" /><testcase classname="backend.tests.backend_test.TestAdmin" name="test_admin_cms_put_and_public_reflects" time="0.634" /><testcase classname="backend.tests.backend_test.TestAdmin" name="test_admin_cms_non_admin_403" time="0.421" /><testcase classname="backend.tests.backend_test.TestUserStateSync" name="test_state_get_put_get" time="0.587" /></testsuite></testsuites>