<?xml version="1.0" encoding="utf-8"?><testsuites name="pytest tests"><testsuite name="pytest" errors="0" failures="0" skipped="0" tests="29" time="14.000" timestamp="2026-04-29T19:05:53.901757+00:00" hostname="agent-env-ad23668d-cd03-4932-95c0-22332e4e920b"><testcase classname="backend.tests.backend_test.TestHealth" name="test_root_stripe_not_configured" time="0.194" /><testcase classname="backend.tests.backend_test.TestHealth" name="test_cms_public_shape" time="0.154" /><testcase classname="backend.tests.backend_test.TestRegister" name="test_register_new_user_creates_trial" time="0.428" /><testcase classname="backend.tests.backend_test.TestRegister" name="test_register_duplicate_email_400" time="0.419" /><testcase classname="backend.tests.backend_test.TestRegister" name="test_register_same_ip_twice_rejected" time="0.505" /><testcase classname="backend.tests.backend_test.TestLoginMeLogout" name="test_admin_login_isaac" time="0.358" /><testcase classname="backend.tests.backend_test.TestLoginMeLogout" name="test_me_authenticated" time="0.474" /><testcase classname="backend.tests.backend_test.TestLoginMeLogout" name="test_me_unauthenticated_401" time="0.165" /><testcase classname="backend.tests.backend_test.TestLoginMeLogout" name="test_login_wrong_password_401" time="0.352" /><testcase classname="backend.tests.backend_test.TestLoginMeLogout" name="test_logout_clears_cookies" time="0.479" /><testcase classname="backend.tests.backend_test.TestStripeNotConfigured" name="test_checkout_returns_503_when_empty_key" time="0.463" /><testcase classname="backend.tests.backend_test.TestStripeNotConfigured" name="test_portal_returns_503_when_empty_key" time="0.433" /><testcase classname="backend.tests.backend_test.TestStripeNotConfigured" name="test_checkout_unauthenticated_401" time="0.112" /><testcase classname="backend.tests.backend_test.TestAdmin" name="test_admin_stats" time="0.460" /><testcase classname="backend.tests.backend_test.TestAdmin" name="test_admin_stats_non_admin_403" time="0.436" /><testcase classname="backend.tests.backend_test.TestAdmin" name="test_admin_stats_unauthenticated_401" time="0.117" /><testcase classname="backend.tests.backend_test.TestAdmin" name="test_admin_users_search_isaac" time="0.433" /><testcase classname="backend.tests.backend_test.TestAdmin" name="test_admin_users_search_empty_returns_list" time="0.420" /><testcase classname="backend.tests.backend_test.TestAdmin" name="test_admin_cms_put_and_public_reflects" time="0.654" /><testcase classname="backend.tests.backend_test.TestAdmin" name="test_admin_cms_non_admin_403" time="0.430" /><testcase classname="backend.tests.backend_test.TestCMSExtended" name="test_cms_public_has_new_fields" time="0.112" /><testcase classname="backend.tests.backend_test.TestCMSExtended" name="test_admin_can_update_support_email_phone" time="0.758" /><testcase classname="backend.tests.backend_test.TestAdminUserEdit" name="test_admin_edit_user_name" time="0.808" /><testcase classname="backend.tests.backend_test.TestAdminUserEdit" name="test_admin_edit_user_email" time="0.877" /><testcase classname="backend.tests.backend_test.TestAdminUserEdit" name="test_admin_edit_user_email_clash_400" time="1.423" /><testcase classname="backend.tests.backend_test.TestAdminUserEdit" name="test_admin_promote_user_then_self_demote_blocked" time="0.967" /><testcase classname="backend.tests.backend_test.TestAdminUserEdit" name="test_admin_edit_non_admin_403" time="0.455" /><testcase classname="backend.tests.backend_test.TestAdminUserEdit" name="test_admin_edit_invalid_id_400" time="0.435" /><testcase classname="backend.tests.backend_test.TestUserStateSync" name="test_state_get_put_get" time="0.576" /></testsuite></testsuites>